2022-02-20 20:56:15.564 | INFO     | tools.handle_excel:__init__:13 - 当前打开的excel文件为:F:\Pychram-Workspace\ireadyApiAuto\testdatas\cases.xlsx
2022-02-20 20:56:15.618 | INFO     | tools.handle_excel:select_sheet_by_name:24 - 当前正在操作的表单名是:登录
2022-02-20 20:56:15.618 | INFO     | tools.handle_excel:read_all_rows_data:41 - 用例数据为:
{'id': 1, 'title': '数字孪生登录', 'method': 'post', 'url': 'api/certification/modelLoginSBH', 'pre_sql': None, 'req_data': '{\n    "userName": "ireadyit",\n    "password": "156b8903c4bb6fbf2b627cd65da76082",\n    "modelLoginType": 2,\n    "loginType": 1\n}', 'code': None, 'asert_expr': '[{"expr":"$.result","expected":0,"compare_type":"=="},\n{"expr":"$.msg","expected":"成功","compare_type":"=="}]', 'extract': None, 'assert_db': None}
2022-02-20 20:56:15.618 | INFO     | test_01_login:setUpClass:28 - 
============= 登录 接口测试开始！ ==============
2022-02-20 20:56:15.618 | INFO     | test_01_login:test_login:39 - 
********* 数字孪生登录 用例 ********
2022-02-20 20:56:15.618 | INFO     | tools.handle_requests:__header:56 - 请求headers为：{'Content-Type': 'application/json'}
2022-02-20 20:56:15.618 | INFO     | tools.handle_requests:__url:79 - 请求url为：http://192.168.88.128:20000/api/certification/modelLoginSBH
2022-02-20 20:56:15.618 | INFO     | tools.handle_requests:send_req:38 - 请求method为：post
2022-02-20 20:56:15.618 | INFO     | tools.handle_requests:__body:71 - 请求datas为：{
    "userName": "ireadyit",
    "password": "156b8903c4bb6fbf2b627cd65da76082",
    "modelLoginType": 2,
    "loginType": 1
}
2022-02-20 20:56:15.919 | INFO     | tools.handle_requests:send_req:48 - http响应状态码为：200
2022-02-20 20:56:15.919 | INFO     | tools.handle_requests:send_req:49 - 响应body为：
{"result":0,"msg":"成功","data":"TE+LXVvH14ka6mKOTPLm51mefjtSOOD2a3hOWO9JA5GBgVXhyvur9soimxJugvc5OzMBTdApq3FLN9p9kDeBeJlkRQmDNpV349E1Um90kws="}
2022-02-20 20:56:15.919 | INFO     | tools.handle_assert:assert_resp:20 - 断言表达式、期望结果和比对方式为：
{'expr': '$.result', 'expected': 0, 'compare_type': '=='}
2022-02-20 20:56:15.919 | INFO     | tools.handle_assert:assert_resp:23 - 提取的jsonpath表达式为：$.result
2022-02-20 20:56:15.919 | INFO     | tools.handle_assert:assert_resp:24 - 提取之后的结果为(为列表，比对的是列表里面的值)：[0]
2022-02-20 20:56:15.919 | INFO     | tools.handle_assert:assert_resp:25 - 期望结果为：0
2022-02-20 20:56:15.919 | INFO     | tools.handle_assert:assert_resp:27 - 比对期望和实际是否相等！
2022-02-20 20:56:15.919 | INFO     | tools.handle_assert:assert_resp:30 - 比对成功！
2022-02-20 20:56:15.919 | INFO     | tools.handle_assert:assert_resp:20 - 断言表达式、期望结果和比对方式为：
{'expr': '$.msg', 'expected': '成功', 'compare_type': '=='}
2022-02-20 20:56:15.919 | INFO     | tools.handle_assert:assert_resp:23 - 提取的jsonpath表达式为：$.msg
2022-02-20 20:56:15.919 | INFO     | tools.handle_assert:assert_resp:24 - 提取之后的结果为(为列表，比对的是列表里面的值)：['成功']
2022-02-20 20:56:15.919 | INFO     | tools.handle_assert:assert_resp:25 - 期望结果为：成功
2022-02-20 20:56:15.919 | INFO     | tools.handle_assert:assert_resp:27 - 比对期望和实际是否相等！
2022-02-20 20:56:15.919 | INFO     | tools.handle_assert:assert_resp:30 - 比对成功！
2022-02-20 20:56:15.919 | INFO     | test_01_login:tearDownClass:34 - 
============= 登录 接口测试结束！ ==============
