2022-02-21 22:52:06.433 | INFO     | tools.handle_excel:__init__:13 - 当前打开的excel文件为:F:\Pychram-Workspace\ireadyApiAuto\testdatas\cases.xlsx
2022-02-21 22:52:06.456 | INFO     | tools.handle_excel:select_sheet_by_name:24 - 当前正在操作的表单名是:登录
2022-02-21 22:52:06.457 | INFO     | tools.handle_excel:read_all_rows_data:41 - 用例数据为:
{'id': 1, 'title': '数字孪生登录', 'method': 'post', 'url': 'api/certification/modelLoginSBH', 'pre_sql': None, 'req_data': '{\n    "userName": "ireadyit",\n    "password": "156b8903c4bb6fbf2b627cd65da76082",\n    "modelLoginType": 2,\n    "loginType": 1\n}', 'code': None, 'asert_expr': '[{"expr":"$.result","expected":0,"compare_type":"=="},\n{"expr":"$.msg","expected":"成功","compare_type":"=="}]', 'extract': None, 'assert_db': None}
2022-02-21 22:52:06.464 | INFO     | tools.handle_excel:__init__:13 - 当前打开的excel文件为:F:\Pychram-Workspace\ireadyApiAuto\testdatas\cases.xlsx
2022-02-21 22:52:06.488 | INFO     | tools.handle_excel:select_sheet_by_name:24 - 当前正在操作的表单名是:Dashboard
2022-02-21 22:52:06.488 | INFO     | tools.handle_excel:read_all_rows_data:41 - 用例数据为:
{'id': 0, 'title': '前置 - 登录成功', 'method': 'post', 'url': 'api/certification/modelLoginSBH', 'pre_sql': None, 'req_data': '{"userName": "ireadyit","password": "156b8903c4bb6fbf2b627cd65da76082","modelLoginType": 2,"loginType": 1}', 'extract': None, 'asert_expr': None, 'code': None, 'assert_db': None}
2022-02-21 22:52:06.488 | INFO     | tools.handle_excel:read_all_rows_data:41 - 用例数据为:
{'id': None, 'title': '通过Id找到公司详细信息', 'method': 'post', 'url': '/api/tenant/company/findCompanyDetailById', 'pre_sql': None, 'req_data': '{"id":8}', 'extract': None, 'asert_expr': '[{"expr":"$..result","expected":0,"compare_type":"=="},\n{"expr":"$..msg","expected":"成功","compare_type":"=="}]', 'code': None, 'assert_db': None}
2022-02-21 22:52:06.489 | INFO     | tools.handle_excel:read_all_rows_data:41 - 用例数据为:
{'id': None, 'title': None, 'method': None, 'url': None, 'pre_sql': None, 'req_data': None, 'extract': None, 'asert_expr': None, 'code': None, 'assert_db': None}
2022-02-21 22:52:06.489 | INFO     | tools.handle_excel:read_all_rows_data:41 - 用例数据为:
{'id': None, 'title': None, 'method': None, 'url': None, 'pre_sql': None, 'req_data': None, 'extract': None, 'asert_expr': None, 'code': None, 'assert_db': None}
2022-02-21 22:52:06.489 | INFO     | tools.handle_excel:read_all_rows_data:41 - 用例数据为:
{'id': None, 'title': None, 'method': None, 'url': None, 'pre_sql': None, 'req_data': None, 'extract': None, 'asert_expr': None, 'code': None, 'assert_db': None}
2022-02-21 22:52:06.489 | INFO     | tools.handle_excel:read_all_rows_data:41 - 用例数据为:
{'id': None, 'title': None, 'method': None, 'url': None, 'pre_sql': None, 'req_data': None, 'extract': None, 'asert_expr': None, 'code': None, 'assert_db': None}
2022-02-21 22:52:06.489 | INFO     | tools.handle_excel:read_all_rows_data:41 - 用例数据为:
{'id': None, 'title': None, 'method': None, 'url': None, 'pre_sql': None, 'req_data': None, 'extract': None, 'asert_expr': None, 'code': None, 'assert_db': None}
2022-02-21 22:52:06.489 | INFO     | tools.handle_excel:read_all_rows_data:41 - 用例数据为:
{'id': None, 'title': None, 'method': None, 'url': None, 'pre_sql': None, 'req_data': None, 'extract': None, 'asert_expr': None, 'code': None, 'assert_db': None}
2022-02-21 22:52:06.490 | INFO     | tools.handle_excel:read_all_rows_data:41 - 用例数据为:
{'id': None, 'title': None, 'method': None, 'url': None, 'pre_sql': None, 'req_data': None, 'extract': None, 'asert_expr': None, 'code': None, 'assert_db': None}
2022-02-21 22:52:06.490 | INFO     | tools.handle_excel:read_all_rows_data:41 - 用例数据为:
{'id': None, 'title': None, 'method': None, 'url': None, 'pre_sql': None, 'req_data': None, 'extract': None, 'asert_expr': None, 'code': None, 'assert_db': None}
2022-02-21 22:52:06.490 | INFO     | tools.handle_excel:read_all_rows_data:41 - 用例数据为:
{'id': None, 'title': None, 'method': None, 'url': None, 'pre_sql': None, 'req_data': None, 'extract': None, 'asert_expr': None, 'code': None, 'assert_db': None}
2022-02-21 22:52:06.490 | INFO     | tools.handle_excel:read_all_rows_data:41 - 用例数据为:
{'id': None, 'title': None, 'method': None, 'url': None, 'pre_sql': None, 'req_data': None, 'extract': None, 'asert_expr': None, 'code': None, 'assert_db': None}
2022-02-21 22:52:06.500 | INFO     | tools.handle_excel:read_all_rows_data:41 - 用例数据为:
{'id': None, 'title': None, 'method': None, 'url': None, 'pre_sql': None, 'req_data': None, 'extract': None, 'asert_expr': None, 'code': None, 'assert_db': None}
2022-02-21 22:52:06.501 | INFO     | tools.handle_excel:read_all_rows_data:41 - 用例数据为:
{'id': None, 'title': None, 'method': None, 'url': None, 'pre_sql': None, 'req_data': None, 'extract': None, 'asert_expr': None, 'code': None, 'assert_db': None}
2022-02-21 22:52:06.501 | INFO     | tools.handle_excel:read_all_rows_data:41 - 用例数据为:
{'id': None, 'title': None, 'method': None, 'url': None, 'pre_sql': None, 'req_data': None, 'extract': None, 'asert_expr': None, 'code': None, 'assert_db': None}
2022-02-21 22:52:06.501 | INFO     | tools.handle_excel:read_all_rows_data:41 - 用例数据为:
{'id': None, 'title': None, 'method': None, 'url': None, 'pre_sql': None, 'req_data': None, 'extract': None, 'asert_expr': None, 'code': None, 'assert_db': None}
2022-02-21 22:52:06.501 | INFO     | tools.handle_excel:read_all_rows_data:41 - 用例数据为:
{'id': None, 'title': None, 'method': None, 'url': None, 'pre_sql': None, 'req_data': None, 'extract': None, 'asert_expr': None, 'code': None, 'assert_db': None}
2022-02-21 22:52:06.501 | INFO     | tools.handle_excel:read_all_rows_data:41 - 用例数据为:
{'id': None, 'title': None, 'method': None, 'url': None, 'pre_sql': None, 'req_data': None, 'extract': None, 'asert_expr': None, 'code': None, 'assert_db': None}
2022-02-21 22:52:06.502 | INFO     | tools.handle_excel:read_all_rows_data:41 - 用例数据为:
{'id': None, 'title': None, 'method': None, 'url': None, 'pre_sql': None, 'req_data': None, 'extract': None, 'asert_expr': None, 'code': None, 'assert_db': None}
2022-02-21 22:52:06.502 | INFO     | tools.handle_excel:read_all_rows_data:41 - 用例数据为:
{'id': None, 'title': None, 'method': None, 'url': None, 'pre_sql': None, 'req_data': None, 'extract': None, 'asert_expr': None, 'code': None, 'assert_db': None}
2022-02-21 22:52:06.502 | INFO     | tools.handle_excel:read_all_rows_data:41 - 用例数据为:
{'id': None, 'title': None, 'method': None, 'url': None, 'pre_sql': None, 'req_data': None, 'extract': None, 'asert_expr': None, 'code': None, 'assert_db': None}
2022-02-21 22:52:06.503 | INFO     | test_01_login:setUpClass:28 - 
============= 登录 接口测试开始！ ==============
2022-02-21 22:52:06.504 | INFO     | test_01_login:test_login:39 - 
********* 数字孪生登录 用例 ********
2022-02-21 22:52:06.504 | INFO     | tools.handle_requests:__header:56 - 请求headers为：{'Content-Type': 'application/json'}
2022-02-21 22:52:06.505 | INFO     | tools.handle_requests:__url:79 - 请求url为：http://192.168.88.128:20000/api/certification/modelLoginSBH
2022-02-21 22:52:06.505 | INFO     | tools.handle_requests:send_req:38 - 请求method为：post
2022-02-21 22:52:06.505 | INFO     | tools.handle_requests:__body:71 - 请求datas为：{
    "userName": "ireadyit",
    "password": "156b8903c4bb6fbf2b627cd65da76082",
    "modelLoginType": 2,
    "loginType": 1
}
2022-02-21 22:52:06.782 | INFO     | tools.handle_requests:send_req:48 - http响应状态码为：200
2022-02-21 22:52:06.782 | INFO     | tools.handle_requests:send_req:49 - 响应body为：
{"result":0,"msg":"成功","data":"TE+LXVvH14ka6mKOTPLm51mefjtSOOD2a3hOWO9JA5GBgVXhyvur9soimxJugvc5FTfuwFaIby0wFWjVa9NQ9xCSGrVb+SYzbVTRK+ciDdA="}
2022-02-21 22:52:06.783 | INFO     | tools.handle_assert:assert_resp:20 - 断言表达式、期望结果和比对方式为：
{'expr': '$.result', 'expected': 0, 'compare_type': '=='}
2022-02-21 22:52:06.784 | INFO     | tools.handle_assert:assert_resp:23 - 提取的jsonpath表达式为：$.result
2022-02-21 22:52:06.785 | INFO     | tools.handle_assert:assert_resp:24 - 提取之后的结果为(为列表，比对的是列表里面的值)：[0]
2022-02-21 22:52:06.785 | INFO     | tools.handle_assert:assert_resp:25 - 期望结果为：0
2022-02-21 22:52:06.785 | INFO     | tools.handle_assert:assert_resp:27 - 比对期望和实际是否相等！
2022-02-21 22:52:06.785 | INFO     | tools.handle_assert:assert_resp:30 - 比对成功！
2022-02-21 22:52:06.785 | INFO     | tools.handle_assert:assert_resp:20 - 断言表达式、期望结果和比对方式为：
{'expr': '$.msg', 'expected': '成功', 'compare_type': '=='}
2022-02-21 22:52:06.786 | INFO     | tools.handle_assert:assert_resp:23 - 提取的jsonpath表达式为：$.msg
2022-02-21 22:52:06.786 | INFO     | tools.handle_assert:assert_resp:24 - 提取之后的结果为(为列表，比对的是列表里面的值)：['成功']
2022-02-21 22:52:06.786 | INFO     | tools.handle_assert:assert_resp:25 - 期望结果为：成功
2022-02-21 22:52:06.786 | INFO     | tools.handle_assert:assert_resp:27 - 比对期望和实际是否相等！
2022-02-21 22:52:06.787 | INFO     | tools.handle_assert:assert_resp:30 - 比对成功！
2022-02-21 22:52:06.787 | INFO     | test_01_login:tearDownClass:34 - 
============= 登录 接口测试结束！ ==============
2022-02-21 22:52:06.787 | INFO     | test_02_Dashboard:setUpClass:26 - 
============= Dashboard 接口测试开始！ ==============
2022-02-21 22:52:06.788 | INFO     | test_02_Dashboard:test_recharge:34 - 
********* 前置 - 登录成功 用例 ********
2022-02-21 22:52:06.788 | INFO     | tools.handle_requests:__header:56 - 请求headers为：{'Content-Type': 'application/json'}
2022-02-21 22:52:06.789 | INFO     | tools.handle_requests:__url:79 - 请求url为：http://192.168.88.128:20000/api/certification/modelLoginSBH
2022-02-21 22:52:06.789 | INFO     | tools.handle_requests:send_req:38 - 请求method为：post
2022-02-21 22:52:06.789 | INFO     | tools.handle_requests:__body:71 - 请求datas为：{"userName": "ireadyit","password": "156b8903c4bb6fbf2b627cd65da76082","modelLoginType": 2,"loginType": 1}
2022-02-21 22:52:06.958 | INFO     | tools.handle_requests:send_req:48 - http响应状态码为：200
2022-02-21 22:52:06.959 | INFO     | tools.handle_requests:send_req:49 - 响应body为：
{"result":0,"msg":"成功","data":"TE+LXVvH14ka6mKOTPLm51mefjtSOOD2a3hOWO9JA5GBgVXhyvur9soimxJugvc5FTfuwFaIby0wFWjVa9NQ97bIpHm+SDeGzzw9ZfKt2a0="}
2022-02-21 22:52:06.960 | INFO     | test_02_Dashboard:test_recharge:34 - 
********* 通过Id找到公司详细信息 用例 ********
2022-02-21 22:52:06.962 | INFO     | tools.handle_requests:__header:56 - 请求headers为：{'Content-Type': 'application/json'}
2022-02-21 22:52:06.963 | INFO     | tools.handle_requests:__url:79 - 请求url为：http://192.168.88.128:20000//api/tenant/company/findCompanyDetailById
2022-02-21 22:52:06.964 | INFO     | tools.handle_requests:send_req:38 - 请求method为：post
2022-02-21 22:52:06.964 | INFO     | tools.handle_requests:__body:71 - 请求datas为：{"id":8}
2022-02-21 22:52:07.011 | INFO     | tools.handle_requests:send_req:48 - http响应状态码为：401
2022-02-21 22:52:07.012 | INFO     | tools.handle_requests:send_req:49 - 响应body为：

2022-02-21 22:52:07.024 | INFO     | test_02_Dashboard:test_recharge:34 - 
********* None 用例 ********
2022-02-21 22:52:07.026 | INFO     | tools.handle_requests:__header:56 - 请求headers为：{'Content-Type': 'application/json'}
2022-02-21 22:52:07.031 | INFO     | test_02_Dashboard:test_recharge:34 - 
********* None 用例 ********
2022-02-21 22:52:07.034 | INFO     | tools.handle_requests:__header:56 - 请求headers为：{'Content-Type': 'application/json'}
2022-02-21 22:52:07.037 | INFO     | test_02_Dashboard:test_recharge:34 - 
********* None 用例 ********
2022-02-21 22:52:07.039 | INFO     | tools.handle_requests:__header:56 - 请求headers为：{'Content-Type': 'application/json'}
2022-02-21 22:52:07.043 | INFO     | test_02_Dashboard:test_recharge:34 - 
********* None 用例 ********
2022-02-21 22:52:07.045 | INFO     | tools.handle_requests:__header:56 - 请求headers为：{'Content-Type': 'application/json'}
2022-02-21 22:52:07.050 | INFO     | test_02_Dashboard:test_recharge:34 - 
********* None 用例 ********
2022-02-21 22:52:07.054 | INFO     | tools.handle_requests:__header:56 - 请求headers为：{'Content-Type': 'application/json'}
2022-02-21 22:52:07.060 | INFO     | test_02_Dashboard:test_recharge:34 - 
********* None 用例 ********
2022-02-21 22:52:07.062 | INFO     | tools.handle_requests:__header:56 - 请求headers为：{'Content-Type': 'application/json'}
2022-02-21 22:52:07.065 | INFO     | test_02_Dashboard:test_recharge:34 - 
********* None 用例 ********
2022-02-21 22:52:07.067 | INFO     | tools.handle_requests:__header:56 - 请求headers为：{'Content-Type': 'application/json'}
2022-02-21 22:52:07.070 | INFO     | test_02_Dashboard:test_recharge:34 - 
********* None 用例 ********
2022-02-21 22:52:07.072 | INFO     | tools.handle_requests:__header:56 - 请求headers为：{'Content-Type': 'application/json'}
2022-02-21 22:52:07.074 | INFO     | test_02_Dashboard:test_recharge:34 - 
********* None 用例 ********
2022-02-21 22:52:07.075 | INFO     | tools.handle_requests:__header:56 - 请求headers为：{'Content-Type': 'application/json'}
2022-02-21 22:52:07.077 | INFO     | test_02_Dashboard:test_recharge:34 - 
********* None 用例 ********
2022-02-21 22:52:07.078 | INFO     | tools.handle_requests:__header:56 - 请求headers为：{'Content-Type': 'application/json'}
2022-02-21 22:52:07.080 | INFO     | test_02_Dashboard:test_recharge:34 - 
********* None 用例 ********
2022-02-21 22:52:07.081 | INFO     | tools.handle_requests:__header:56 - 请求headers为：{'Content-Type': 'application/json'}
2022-02-21 22:52:07.083 | INFO     | test_02_Dashboard:test_recharge:34 - 
********* None 用例 ********
2022-02-21 22:52:07.084 | INFO     | tools.handle_requests:__header:56 - 请求headers为：{'Content-Type': 'application/json'}
2022-02-21 22:52:07.086 | INFO     | test_02_Dashboard:test_recharge:34 - 
********* None 用例 ********
2022-02-21 22:52:07.086 | INFO     | tools.handle_requests:__header:56 - 请求headers为：{'Content-Type': 'application/json'}
2022-02-21 22:52:07.088 | INFO     | test_02_Dashboard:test_recharge:34 - 
********* None 用例 ********
2022-02-21 22:52:07.089 | INFO     | tools.handle_requests:__header:56 - 请求headers为：{'Content-Type': 'application/json'}
2022-02-21 22:52:07.090 | INFO     | test_02_Dashboard:test_recharge:34 - 
********* None 用例 ********
2022-02-21 22:52:07.091 | INFO     | tools.handle_requests:__header:56 - 请求headers为：{'Content-Type': 'application/json'}
2022-02-21 22:52:07.092 | INFO     | test_02_Dashboard:test_recharge:34 - 
********* None 用例 ********
2022-02-21 22:52:07.093 | INFO     | tools.handle_requests:__header:56 - 请求headers为：{'Content-Type': 'application/json'}
2022-02-21 22:52:07.094 | INFO     | test_02_Dashboard:test_recharge:34 - 
********* None 用例 ********
2022-02-21 22:52:07.095 | INFO     | tools.handle_requests:__header:56 - 请求headers为：{'Content-Type': 'application/json'}
2022-02-21 22:52:07.096 | INFO     | test_02_Dashboard:test_recharge:34 - 
********* None 用例 ********
2022-02-21 22:52:07.096 | INFO     | tools.handle_requests:__header:56 - 请求headers为：{'Content-Type': 'application/json'}
2022-02-21 22:52:07.098 | INFO     | test_02_Dashboard:test_recharge:34 - 
********* None 用例 ********
2022-02-21 22:52:07.099 | INFO     | tools.handle_requests:__header:56 - 请求headers为：{'Content-Type': 'application/json'}
2022-02-21 22:52:07.100 | INFO     | test_02_Dashboard:tearDownClass:30 - 
============= Dashboard 接口测试结束！ ==============
